# JRE version: Java(TM) SE Runtime Environment (8.0_321-b07) (build 1.8.0_321-b07)
# Java VM: Java HotSpot(TM) 64-Bit Server VM (25.321-b07 mixed mode windows-amd64 compressed oops)
Heap:
 PSYoungGen      total 66048K, used 61440K [0x00000000f5580000, 0x0000000100000000, 0x0000000100000000)
  eden space 61440K, 100% used [0x00000000f5580000,0x00000000f9180000,0x00000000f9180000)
  from space 4608K, 0% used [0x00000000f9180000,0x00000000f9180000,0x00000000f9600000)
  to   space 33792K, 68% used [0x00000000fdf00000,0x00000000ff5798f0,0x0000000100000000)
 ParOldGen       total 87552K, used 27138K [0x00000000e0000000, 0x00000000e5580000, 0x00000000f5580000)
  object space 87552K, 30% used [0x00000000e0000000,0x00000000e1a809f8,0x00000000e5580000)
 Metaspace       used 11475K, capacity 11618K, committed 11776K, reserved 1058816K
  class space    used 1369K, capacity 1411K, committed 1536K, reserved 1048576K
GC Heap History (10 events):
Event: 3.334 GC heap before
{Heap before GC invocations=2 (full 0):
 PSYoungGen      total 35328K, used 35299K [0x00000000f5580000, 0x00000000f7c80000, 0x0000000100000000)
  eden space 30720K, 100% used [0x00000000f5580000,0x00000000f7380000,0x00000000f7380000)
  from space 4608K, 99% used [0x00000000f7380000,0x00000000f77f8f80,0x00000000f7800000)
  to   space 4608K, 0% used [0x00000000f7800000,0x00000000f7800000,0x00000000f7c80000)
 ParOldGen       total 80896K, used 3731K [0x00000000e0000000, 0x00000000e4f00000, 0x00000000f5580000)
  object space 80896K, 4% used [0x00000000e0000000,0x00000000e03a4fa0,0x00000000e4f00000)
 Metaspace       used 10670K, capacity 10846K, committed 11136K, reserved 1058816K
  class space    used 1317K, capacity 1373K, committed 1408K, reserved 1048576K
Event: 3.347 GC heap after
Heap after GC invocations=2 (full 0):
 PSYoungGen      total 35328K, used 4591K [0x00000000f5580000, 0x00000000f9a80000, 0x0000000100000000)
  eden space 30720K, 0% used [0x00000000f5580000,0x00000000f5580000,0x00000000f7380000)
  from space 4608K, 99% used [0x00000000f7800000,0x00000000f7c7be60,0x00000000f7c80000)
  to   space 4608K, 0% used [0x00000000f7380000,0x00000000f7380000,0x00000000f7800000)
 ParOldGen       total 80896K, used 21050K [0x00000000e0000000, 0x00000000e4f00000, 0x00000000f5580000)
  object space 80896K, 26% used [0x00000000e0000000,0x00000000e148ebd0,0x00000000e4f00000)
 Metaspace       used 10670K, capacity 10846K, committed 11136K, reserved 1058816K
  class space    used 1317K, capacity 1373K, committed 1408K, reserved 1048576K
}
Event: 134.557 GC heap before
{Heap before GC invocations=3 (full 0):
 PSYoungGen      total 35328K, used 35311K [0x00000000f5580000, 0x00000000f9a80000, 0x0000000100000000)
  eden space 30720K, 100% used [0x00000000f5580000,0x00000000f7380000,0x00000000f7380000)
  from space 4608K, 99% used [0x00000000f7800000,0x00000000f7c7be60,0x00000000f7c80000)
  to   space 4608K, 0% used [0x00000000f7380000,0x00000000f7380000,0x00000000f7800000)
 ParOldGen       total 80896K, used 21050K [0x00000000e0000000, 0x00000000e4f00000, 0x00000000f5580000)
  object space 80896K, 26% used [0x00000000e0000000,0x00000000e148ebd0,0x00000000e4f00000)
 Metaspace       used 11248K, capacity 11414K, committed 11776K, reserved 1058816K
  class space    used 1368K, capacity 1409K, committed 1536K, reserved 1048576K
Event: 134.635 GC heap after
Heap after GC invocations=3 (full 0):
 PSYoungGen      total 35328K, used 4607K [0x00000000f5580000, 0x00000000f9a80000, 0x0000000100000000)
  eden space 30720K, 0% used [0x00000000f5580000,0x00000000f5580000,0x00000000f7380000)
  from space 4608K, 99% used [0x00000000f7380000,0x00000000f77ffe20,0x00000000f7800000)
  to   space 4608K, 0% used [0x00000000f9600000,0x00000000f9600000,0x00000000f9a80000)
 ParOldGen       total 80896K, used 31014K [0x00000000e0000000, 0x00000000e4f00000, 0x00000000f5580000)
  object space 80896K, 38% used [0x00000000e0000000,0x00000000e1e49ab0,0x00000000e4f00000)
 Metaspace       used 11248K, capacity 11414K, committed 11776K, reserved 1058816K
  class space    used 1368K, capacity 1409K, committed 1536K, reserved 1048576K
}
Event: 142.269 GC heap before
{Heap before GC invocations=4 (full 0):
 PSYoungGen      total 35328K, used 35327K [0x00000000f5580000, 0x00000000f9a80000, 0x0000000100000000)
  eden space 30720K, 100% used [0x00000000f5580000,0x00000000f7380000,0x00000000f7380000)
  from space 4608K, 99% used [0x00000000f7380000,0x00000000f77ffe20,0x00000000f7800000)
  to   space 4608K, 0% used [0x00000000f9600000,0x00000000f9600000,0x00000000f9a80000)
 ParOldGen       total 80896K, used 31014K [0x00000000e0000000, 0x00000000e4f00000, 0x00000000f5580000)
  object space 80896K, 38% used [0x00000000e0000000,0x00000000e1e49ab0,0x00000000e4f00000)
 Metaspace       used 11294K, capacity 11478K, committed 11776K, reserved 1058816K
  class space    used 1368K, capacity 1409K, committed 1536K, reserved 1048576K
Event: 142.286 GC heap after
Heap after GC invocations=4 (full 0):
 PSYoungGen      total 66048K, used 4607K [0x00000000f5580000, 0x00000000f9a80000, 0x0000000100000000)
  eden space 61440K, 0% used [0x00000000f5580000,0x00000000f5580000,0x00000000f9180000)
  from space 4608K, 99% used [0x00000000f9600000,0x00000000f9a7fe10,0x00000000f9a80000)
  to   space 4608K, 0% used [0x00000000f9180000,0x00000000f9180000,0x00000000f9600000)
 ParOldGen       total 80896K, used 48056K [0x00000000e0000000, 0x00000000e4f00000, 0x00000000f5580000)
  object space 80896K, 59% used [0x00000000e0000000,0x00000000e2eee150,0x00000000e4f00000)
 Metaspace       used 11294K, capacity 11478K, committed 11776K, reserved 1058816K
  class space    used 1368K, capacity 1409K, committed 1536K, reserved 1048576K
}
Event: 664.263 GC heap before
{Heap before GC invocations=5 (full 0):
 PSYoungGen      total 66048K, used 65513K [0x00000000f5580000, 0x00000000f9a80000, 0x0000000100000000)
  eden space 61440K, 99% used [0x00000000f5580000,0x00000000f90fa760,0x00000000f9180000)
  from space 4608K, 99% used [0x00000000f9600000,0x00000000f9a7fe10,0x00000000f9a80000)
  to   space 4608K, 0% used [0x00000000f9180000,0x00000000f9180000,0x00000000f9600000)
 ParOldGen       total 80896K, used 48056K [0x00000000e0000000, 0x00000000e4f00000, 0x00000000f5580000)
  object space 80896K, 59% used [0x00000000e0000000,0x00000000e2eee150,0x00000000e4f00000)
 Metaspace       used 11329K, capacity 11478K, committed 11776K, reserved 1058816K
  class space    used 1368K, capacity 1409K, committed 1536K, reserved 1048576K
Event: 664.329 GC heap after
Heap after GC invocations=5 (full 0):
 PSYoungGen      total 66048K, used 4607K [0x00000000f5580000, 0x0000000100000000, 0x0000000100000000)
  eden space 61440K, 0% used [0x00000000f5580000,0x00000000f5580000,0x00000000f9180000)
  from space 4608K, 99% used [0x00000000f9180000,0x00000000f95ffe10,0x00000000f9600000)
  to   space 33792K, 0% used [0x00000000fdf00000,0x00000000fdf00000,0x0000000100000000)
 ParOldGen       total 80896K, used 74501K [0x00000000e0000000, 0x00000000e4f00000, 0x00000000f5580000)
  object space 80896K, 92% used [0x00000000e0000000,0x00000000e48c1578,0x00000000e4f00000)
 Metaspace       used 11329K, capacity 11478K, committed 11776K, reserved 1058816K
  class space    used 1368K, capacity 1409K, committed 1536K, reserved 1048576K
}
Event: 664.329 GC heap before
{Heap before GC invocations=6 (full 1):
 PSYoungGen      total 66048K, used 4607K [0x00000000f5580000, 0x0000000100000000, 0x0000000100000000)
  eden space 61440K, 0% used [0x00000000f5580000,0x00000000f5580000,0x00000000f9180000)
  from space 4608K, 99% used [0x00000000f9180000,0x00000000f95ffe10,0x00000000f9600000)
  to   space 33792K, 0% used [0x00000000fdf00000,0x00000000fdf00000,0x0000000100000000)
 ParOldGen       total 80896K, used 74501K [0x00000000e0000000, 0x00000000e4f00000, 0x00000000f5580000)
  object space 80896K, 92% used [0x00000000e0000000,0x00000000e48c1578,0x00000000e4f00000)
 Metaspace       used 11329K, capacity 11478K, committed 11776K, reserved 1058816K
  class space    used 1368K, capacity 1409K, committed 1536K, reserved 1048576K
Event: 664.421 GC heap after
Heap after GC invocations=6 (full 1):
 PSYoungGen      total 66048K, used 0K [0x00000000f5580000, 0x0000000100000000, 0x0000000100000000)
  eden space 61440K, 0% used [0x00000000f5580000,0x00000000f5580000,0x00000000f9180000)
  from space 4608K, 0% used [0x00000000f9180000,0x00000000f9180000,0x00000000f9600000)
  to   space 33792K, 0% used [0x00000000fdf00000,0x00000000fdf00000,0x0000000100000000)
 ParOldGen       total 87552K, used 27130K [0x00000000e0000000, 0x00000000e5580000, 0x00000000f5580000)
  object space 87552K, 30% used [0x00000000e0000000,0x00000000e1a7e9f8,0x00000000e5580000)
 Metaspace       used 11325K, capacity 11472K, committed 11776K, reserved 1058816K
  class space    used 1367K, capacity 1408K, committed 1536K, reserved 1048576K
}

